<?xml version="1.0" encoding="utf-8"?><testsuites name="pytest tests"><testsuite name="pytest" errors="0" failures="0" skipped="0" tests="20" time="3.094" timestamp="2026-07-21T04:37:14.168343+00:00" hostname="agent-env-2e515102-af36-4b04-be49-34b7a404cd79"><testcase classname="tests.test_p1_party_auto_create.TestPartyAutoCreate" name="test_new_customer_payment_creates_customer_party" time="0.381" /><testcase classname="tests.test_p1_party_auto_create.TestPartyAutoCreate" name="test_new_purchase_payment_creates_vendor_party" time="0.439" /><testcase classname="tests.test_p1_party_auto_create.TestPartyAutoCreate" name="test_new_purchase_creates_vendor_party" time="0.007" /><testcase classname="tests.test_p1_party_auto_create.TestPartyAutoCreate" name="test_new_order_creates_customer_party" time="0.005" /><testcase classname="tests.test_p1_party_auto_create.TestPartyAutoCreate" name="test_repeated_writes_are_idempotent" time="0.394" /><testcase classname="tests.test_p1_party_auto_create.TestNormalization" name="test_name_variants_resolve_to_one_party" time="0.011" /><testcase classname="tests.test_p1_party_auto_create.TestFactorySystemParty" name="test_factory_alias_resolves_to_system_ff" time="0.002" /><testcase classname="tests.test_p1_party_auto_create.TestFactorySystemParty" name="test_no_vendor_factory_row_created" time="0.004" /><testcase classname="tests.test_p1_party_auto_create.TestFactorySystemParty" name="test_ff_variants_all_route_to_system" time="0.008" /><testcase classname="tests.test_p1_party_auto_create.TestVendorRename" name="test_vendor_rename_preserves_party_id" time="0.012" /><testcase classname="tests.test_p1_party_auto_create.TestConflictReporting" name="test_probable_duplicate_flagged_not_merged" time="0.007" /><testcase classname="tests.test_p1_party_auto_create.TestMigration" name="test_migration_is_idempotent" time="0.608" /><testcase classname="tests.test_p1_party_auto_create.TestMigration" name="test_migration_report_exposes_conflict_lists" time="0.002" /><testcase classname="tests.test_p1_party_auto_create.TestConcurrency" name="test_concurrent_writes_do_not_duplicate" time="0.472" /><testcase classname="tests.test_p1_party_review_extras.TestSystemFathersFirm" name="test_ff_party_visible_in_ledger" time="0.004" /><testcase classname="tests.test_p1_party_review_extras.TestSystemFathersFirm" name="test_rename_system_party_forbidden" time="0.002" /><testcase classname="tests.test_p1_party_review_extras.TestVendorPartyStamping" name="test_new_vendor_gets_party_id" time="0.009" /><testcase classname="tests.test_p1_party_review_extras.TestVendorPartyStamping" name="test_vendor_rename_preserves_party_and_aliases" time="0.012" /><testcase classname="tests.test_p1_party_review_extras.TestMigrationReport" name="test_run_twice_is_idempotent" time="0.651" /><testcase classname="tests.test_p1_party_review_extras.TestMigrationReport" name="test_last_report_has_all_documented_keys" time="0.002" /></testsuite></testsuites>