<?xml version="1.0" encoding="utf-8"?><testsuites name="pytest tests"><testsuite name="pytest" errors="0" failures="0" skipped="0" tests="17" time="1.001" timestamp="2026-07-21T05:02:11.325127+00:00" hostname="agent-env-2e515102-af36-4b04-be49-34b7a404cd79"><testcase classname="tests.test_p3_transfers.TestRakshitFF" name="test_rakshit_to_ff_moves_cash_down_ff_delta_down" time="0.033" /><testcase classname="tests.test_p3_transfers.TestReversalAndEdit" name="test_reversal_returns_previous_balances" time="0.042" /><testcase classname="tests.test_p3_transfers.TestRakshitFF" name="test_ff_to_rakshit_moves_cash_up_ff_delta_up" time="0.046" /><testcase classname="tests.test_p3_transfers.TestReversalAndEdit" name="test_reversal_is_immutable" time="0.035" /><testcase classname="tests.test_p3_transfers.TestReversalAndEdit" name="test_edit_uses_reverse_plus_replace" time="0.072" /><testcase classname="tests.test_p3_transfers.TestRakshitFF" name="test_ff_transfer_is_pnl_neutral" time="0.025" /><testcase classname="tests.test_p3_transfers.TestRakshitFF" name="test_ff_settlement_unchanged_by_account_to_account" time="0.020" /><testcase classname="tests.test_p3_transfers.TestReversalAndEdit" name="test_delete_alias_for_reverse" time="0.014" /><testcase classname="tests.test_p3_transfers.TestValidations" name="test_same_source_and_destination_rejected" time="0.055" /><testcase classname="tests.test_p3_transfers.TestReversalAndEdit" name="test_no_block_when_unrelated_transfer_uses_same_account" time="0.066" /><testcase classname="tests.test_p3_transfers.TestValidations" name="test_zero_or_negative_rejected" time="0.008" /><testcase classname="tests.test_p3_transfers.TestValidations" name="test_archived_account_rejected" time="0.010" /><testcase classname="tests.test_p3_transfers.TestAccountToAccount" name="test_totals_leaving_equal_entering" time="0.094" /><testcase classname="tests.test_p3_transfers.TestIdempotency" name="test_duplicate_idempotency_key_returns_original" time="0.040" /><testcase classname="tests.test_p3_transfers.TestCashBookForwarding" name="test_cbe_transfer_creates_canonical_transfer" time="0.088" /><testcase classname="tests.test_p3_transfers.TestAccountToAccount" name="test_does_not_affect_pnl" time="0.058" /><testcase classname="tests.test_p3_transfers.TestAccountToAccount" name="test_cash_book_shows_one_row_per_transfer" time="0.041" /></testsuite></testsuites>